No window system found.  Java option 'MWT' ignored.
Warning: No window system found.  Java option 'MWT' ignored.

                            < M A T L A B (R) >
                  Copyright 1984-2013 The MathWorks, Inc.
                    R2013a (8.1.0.604) 64-bit (glnxa64)
                             February 15, 2013

 
To get started, type one of these: helpwin, helpdesk, or demo.
For product information, visit www.mathworks.com.
 
---- Subject RBf13 ----
time-point 1
time-point 2
time-point 3
time-point 4
time-point 5
---- Subject RBo14 ----
time-point 1
time-point 2
time-point 3
time-point 4
time-point 5
---- Subject RCh13 ----
time-point 1
time-point 2
time-point 3
time-point 4
time-point 5
---- Subject RDf13 ----
time-point 1
time-point 2
time-point 3
time-point 4
time-point 5
---- Subject RDw13 ----
time-point 1
time-point 2
time-point 3
time-point 4
time-point 5
---- Subject REw13 ----
time-point 1
time-point 2
time-point 3
time-point 4
time-point 5
---- Subject RFo14 ----
time-point 1
time-point 2
time-point 3
time-point 4
time-point 5
---- Subject RFv13 ----
time-point 1
time-point 2
time-point 3
time-point 4
time-point 5
---- Subject RHm13 ----
time-point 1
time-point 2
time-point 3
time-point 4
time-point 5
---- Subject RIm13 ----
time-point 1
time-point 2
time-point 3
time-point 4
time-point 5
---- Subject RJe13 ----
time-point 1
time-point 2
time-point 3
time-point 4
time-point 5
---- Subject RKr14 ----
time-point 1
time-point 2
time-point 3
time-point 4
time-point 5
---- Subject RLc14 ----
time-point 1
time-point 2
time-point 3
time-point 4
time-point 5
---- Subject RMe14 ----
time-point 1
time-point 2
time-point 3
time-point 4
time-point 5
---- Subject RNc14 ----
time-point 1
time-point 2
time-point 3
time-point 4
time-point 5
---- Subject RNe14 ----
time-point 1
time-point 2
time-point 3
time-point 4
time-point 5
---- Subject RNn14 ----
time-point 1
time-point 2
time-point 3
time-point 4
time-point 5
---- Subject RNt14 ----
time-point 1
time-point 2
time-point 3
time-point 4
time-point 5
---- Subject ROn14 ----
time-point 1
time-point 2
time-point 3
time-point 4
time-point 5
---- Subject RPv13 ----
time-point 1
time-point 2
time-point 3
time-point 4
time-point 5
---- Subject RPy13 ----
time-point 1
time-point 2
time-point 3
time-point 4
time-point 5
---- Subject RRm13 ----
time-point 1
time-point 2
time-point 3
time-point 4
time-point 5
---- Subject RRv13 ----
time-point 1
time-point 2
time-point 3
time-point 4
time-point 5
---- Subject RSb14 ----
time-point 1
time-point 2
time-point 3
time-point 4
time-point 5
---- Subject RSt14 ----
time-point 1
time-point 2
time-point 3
time-point 4
time-point 5
---- Subject RTm13 ----
time-point 1
time-point 2
time-point 3
time-point 4
time-point 5
---- Subject RUb14 ----
time-point 1
time-point 2
time-point 3
time-point 4
time-point 5
---- Subject RUf14 ----
time-point 1
time-point 2
time-point 3
time-point 4
time-point 5
---- Subject RUl13 ----
time-point 1
time-point 2
time-point 3
time-point 4
time-point 5
---- Subject RUu14 ----
time-point 1
time-point 2
time-point 3
time-point 4
time-point 5
---- Subject RVf14 ----
time-point 1
time-point 2
time-point 3
time-point 4
time-point 5
---- Subject RWm14 ----
time-point 1
time-point 2
time-point 3
time-point 4
time-point 5
---- Subject RWs14 ----
time-point 1
time-point 2
time-point 3
time-point 4
time-point 5
---- Subject RYl13 ----
time-point 1
time-point 2
time-point 3
time-point 4
time-point 5
---- Subject RYm14 ----
time-point 1
time-point 2
time-point 3
time-point 4
time-point 5
---- Subject RZu14 ----
time-point 1
time-point 2
time-point 3
time-point 4
time-point 5
